<?xml version="1.0" encoding="UTF-8"?>
<!-- Generated by org.testng.reporters.JUnitXMLReporter -->
<testsuite ignored="0" hostname="KARTHI" failures="0" tests="5" name="Rest API regression Test" time="10.347" errors="0" timestamp="08 Nov 2022 21:03:56 GMT">
  <testcase classname="com.qa.api.gorest.tests.GetImgurAPITest" name="getAccoutBlockStatus" time="0.26"/>
  <testcase classname="com.qa.api.gorest.tests.GetImgurAPITest" name="getAccoutImages" time="0.219"/>
  <testcase classname="com.qa.api.gorest.tests.GetImgurAPITest" name="uploadImagePostAPI_Test" time="2.304"/>
  <testcase classname="com.qa.api.gorest.tests.GetUserTests" name="getAllUserList_API_Test" time="0.546"/>
  <testcase classname="com.qa.api.gorest.tests.GetUserTests" name="getUserListWith_QueryParam_API_Test" time="0.441"/>
</testsuite> <!-- Rest API regression Test -->
