<?xml version="1.0" encoding="UTF-8"?>
<!-- Generated by org.testng.reporters.JUnitXMLReporter -->
<testsuite ignored="0" hostname="KARTHI" failures="0" tests="5" name="Rest API regression Test" time="5.896" errors="0" timestamp="2022-11-08T12:31:05 EST">
  <testcase classname="com.qa.api.gorest.tests.GetUserTests" name="getAllUserList_API_Test" time="2.38"/>
  <testcase classname="com.qa.api.gorest.tests.GetImgurAPITest" name="getAccoutBlockStatus" time="0.314"/>
  <testcase classname="com.qa.api.gorest.tests.GetUserTests" name="getUserListWith_QueryParam_API_Test" time="0.491"/>
  <testcase classname="com.qa.api.gorest.tests.GetImgurAPITest" name="getAccoutImages" time="0.292"/>
  <testcase classname="com.qa.api.gorest.tests.GetImgurAPITest" name="uploadImagePostAPI_Test" time="2.384"/>
</testsuite> <!-- Rest API regression Test -->
