<?xml version="1.0" encoding="UTF-8"?>
<testsuite xmlns:xsi="http://www.w3.org/2001/XMLSchema-instance" xsi:noNamespaceSchemaLocation="https://maven.apache.org/surefire/maven-surefire-plugin/xsd/surefire-test-report.xsd" name="TestSuite" time="15.767" tests="5" errors="0" skipped="0" failures="0">
  <properties>
[...]
</properties>
  <testcase name="getAccoutBlockStatus" classname="com.qa.api.gorest.tests.GetImgurAPITest" time="0.275"/>
  <testcase name="getAccoutImages" classname="com.qa.api.gorest.tests.GetImgurAPITest" time="0.235"/>
  <testcase name="uploadImagePostAPI_Test" classname="com.qa.api.gorest.tests.GetImgurAPITest" time="2.304"/>
  <testcase name="getAllUserList_API_Test" classname="com.qa.api.gorest.tests.GetUserTests" time="0.561"/>
  <testcase name="getUserListWith_QueryParam_API_Test" classname="com.qa.api.gorest.tests.GetUserTests" time="0.456"/>
</testsuite>