<?xml version="1.0" encoding="UTF-8"?>
<testng-results ignored="0" total="5" passed="5" failed="0" skipped="0">
  <reporter-output>
  </reporter-output>
  <suite started-at="2022-11-08T21:03:45Z" name="Rest API Test Suite" finished-at="2022-11-08T21:03:56Z" duration-ms="10347">
    <groups>
    </groups>
    <test started-at="2022-11-08T21:03:45Z" name="Rest API regression Test" finished-at="2022-11-08T21:03:56Z" duration-ms="10347">
      <class name="com.qa.api.gorest.tests.GetImgurAPITest">
        <test-method is-config="true" signature="setUp()[pri:0, instance:com.qa.api.gorest.tests.GetImgurAPITest@16fe9c29]" started-at="2022-11-08T21:03:45Z" name="setUp" finished-at="2022-11-08T21:03:51Z" duration-ms="6018" status="PASS">
          <reporter-output>
          </reporter-output>
        </test-method> <!-- setUp -->
        <test-method signature="getAccoutBlockStatus()[pri:0, instance:com.qa.api.gorest.tests.GetImgurAPITest@16fe9c29]" started-at="2022-11-08T21:03:51Z" name="getAccoutBlockStatus" finished-at="2022-11-08T21:03:52Z" duration-ms="260" status="PASS">
          <reporter-output>
          </reporter-output>
        </test-method> <!-- getAccoutBlockStatus -->
        <test-method is-config="true" signature="setUp()[pri:0, instance:com.qa.api.gorest.tests.GetImgurAPITest@16fe9c29]" started-at="2022-11-08T21:03:52Z" name="setUp" finished-at="2022-11-08T21:03:52Z" duration-ms="158" status="PASS">
          <reporter-output>
          </reporter-output>
        </test-method> <!-- setUp -->
        <test-method signature="getAccoutImages()[pri:0, instance:com.qa.api.gorest.tests.GetImgurAPITest@16fe9c29]" started-at="2022-11-08T21:03:52Z" name="getAccoutImages" finished-at="2022-11-08T21:03:52Z" duration-ms="219" status="PASS">
          <reporter-output>
          </reporter-output>
        </test-method> <!-- getAccoutImages -->
        <test-method is-config="true" signature="setUp()[pri:0, instance:com.qa.api.gorest.tests.GetImgurAPITest@16fe9c29]" started-at="2022-11-08T21:03:52Z" name="setUp" finished-at="2022-11-08T21:03:52Z" duration-ms="252" status="PASS">
          <reporter-output>
          </reporter-output>
        </test-method> <!-- setUp -->
        <test-method signature="uploadImagePostAPI_Test()[pri:0, instance:com.qa.api.gorest.tests.GetImgurAPITest@16fe9c29]" started-at="2022-11-08T21:03:52Z" name="uploadImagePostAPI_Test" finished-at="2022-11-08T21:03:55Z" duration-ms="2304" status="PASS">
          <reporter-output>
          </reporter-output>
        </test-method> <!-- uploadImagePostAPI_Test -->
      </class> <!-- com.qa.api.gorest.tests.GetImgurAPITest -->
      <class name="com.qa.api.gorest.tests.GetUserTests">
        <test-method signature="getAllUserList_API_Test()[pri:1, instance:com.qa.api.gorest.tests.GetUserTests@2e52fb3e]" started-at="2022-11-08T21:03:55Z" name="getAllUserList_API_Test" finished-at="2022-11-08T21:03:55Z" duration-ms="546" status="PASS">
          <reporter-output>
          </reporter-output>
        </test-method> <!-- getAllUserList_API_Test -->
        <test-method signature="getUserListWith_QueryParam_API_Test()[pri:2, instance:com.qa.api.gorest.tests.GetUserTests@2e52fb3e]" started-at="2022-11-08T21:03:55Z" name="getUserListWith_QueryParam_API_Test" finished-at="2022-11-08T21:03:56Z" duration-ms="441" status="PASS">
          <reporter-output>
          </reporter-output>
        </test-method> <!-- getUserListWith_QueryParam_API_Test -->
      </class> <!-- com.qa.api.gorest.tests.GetUserTests -->
    </test> <!-- Rest API regression Test -->
  </suite> <!-- Rest API Test Suite -->
</testng-results>
