<?xml version="1.0" encoding="UTF-8"?>
<testng-results ignored="0" total="5" passed="5" failed="0" skipped="0">
  <reporter-output>
  </reporter-output>
  <suite started-at="2022-11-08T12:30:59 EST" name="Rest API Test Suite" finished-at="2022-11-08T12:31:05 EST" duration-ms="5896">
    <groups>
    </groups>
    <test started-at="2022-11-08T12:30:59 EST" name="Rest API regression Test" finished-at="2022-11-08T12:31:05 EST" duration-ms="5896">
      <class name="com.qa.api.gorest.tests.GetImgurAPITest">
        <test-method is-config="true" signature="setUp()[pri:0, instance:com.qa.api.gorest.tests.GetImgurAPITest@70242f38]" started-at="2022-11-08T12:30:59 EST" name="setUp" finished-at="2022-11-08T12:31:01 EST" duration-ms="2213" status="PASS">
          <reporter-output>
          </reporter-output>
        </test-method> <!-- setUp -->
        <test-method signature="getAccoutBlockStatus()[pri:0, instance:com.qa.api.gorest.tests.GetImgurAPITest@70242f38]" started-at="2022-11-08T12:31:01 EST" name="getAccoutBlockStatus" finished-at="2022-11-08T12:31:01 EST" duration-ms="314" status="PASS">
          <reporter-output>
          </reporter-output>
        </test-method> <!-- getAccoutBlockStatus -->
        <test-method is-config="true" signature="setUp()[pri:0, instance:com.qa.api.gorest.tests.GetImgurAPITest@70242f38]" started-at="2022-11-08T12:31:01 EST" name="setUp" finished-at="2022-11-08T12:31:02 EST" duration-ms="262" status="PASS">
          <reporter-output>
          </reporter-output>
        </test-method> <!-- setUp -->
        <test-method signature="getAccoutImages()[pri:0, instance:com.qa.api.gorest.tests.GetImgurAPITest@70242f38]" started-at="2022-11-08T12:31:02 EST" name="getAccoutImages" finished-at="2022-11-08T12:31:02 EST" duration-ms="292" status="PASS">
          <reporter-output>
          </reporter-output>
        </test-method> <!-- getAccoutImages -->
        <test-method is-config="true" signature="setUp()[pri:0, instance:com.qa.api.gorest.tests.GetImgurAPITest@70242f38]" started-at="2022-11-08T12:31:02 EST" name="setUp" finished-at="2022-11-08T12:31:02 EST" duration-ms="266" status="PASS">
          <reporter-output>
          </reporter-output>
        </test-method> <!-- setUp -->
        <test-method signature="uploadImagePostAPI_Test()[pri:0, instance:com.qa.api.gorest.tests.GetImgurAPITest@70242f38]" started-at="2022-11-08T12:31:02 EST" name="uploadImagePostAPI_Test" finished-at="2022-11-08T12:31:05 EST" duration-ms="2384" status="PASS">
          <reporter-output>
          </reporter-output>
        </test-method> <!-- uploadImagePostAPI_Test -->
      </class> <!-- com.qa.api.gorest.tests.GetImgurAPITest -->
      <class name="com.qa.api.gorest.tests.GetUserTests">
        <test-method signature="getAllUserList_API_Test()[pri:1, instance:com.qa.api.gorest.tests.GetUserTests@7ac9af2a]" started-at="2022-11-08T12:30:59 EST" name="getAllUserList_API_Test" finished-at="2022-11-08T12:31:01 EST" duration-ms="2380" status="PASS">
          <reporter-output>
          </reporter-output>
        </test-method> <!-- getAllUserList_API_Test -->
        <test-method signature="getUserListWith_QueryParam_API_Test()[pri:2, instance:com.qa.api.gorest.tests.GetUserTests@7ac9af2a]" started-at="2022-11-08T12:31:01 EST" name="getUserListWith_QueryParam_API_Test" finished-at="2022-11-08T12:31:02 EST" duration-ms="491" status="PASS">
          <reporter-output>
          </reporter-output>
        </test-method> <!-- getUserListWith_QueryParam_API_Test -->
      </class> <!-- com.qa.api.gorest.tests.GetUserTests -->
    </test> <!-- Rest API regression Test -->
  </suite> <!-- Rest API Test Suite -->
</testng-results>
